Total messages: 28 (Errors: 19, Warnings: 5)
Returning 26 messages for level "info"

[INFO] %cDownload the React DevTools for a better development experience: https://react.dev/link/react-devtools font-weight:bold @ http://localhost:5173/@fs/home/ralph/ryte/.worktrees/mission-control/examples/mission-control/node_modules/.vite/deps/react-dom_client.js?v=c0c853ca:20102
[ERROR] Failed to load resource: the server responded with a status of 404 (Not Found) @ http://localhost:5173/favicon.ico:0
[LOG] [vite] server connection lost. Polling for restart... @ http://localhost:5173/@vite/client:963
[WARNING] Mission list SSE error, reconnecting... @ http://localhost:5173/components/MissionList.tsx:52
[ERROR] Failed to load resource: net::ERR_INCOMPLETE_CHUNKED_ENCODING @ http://localhost:5173/missions/events:0
[ERROR] WebSocket connection to 'ws://localhost:5173/' failed: Error in connection establishment: net::ERR_CONNECTION_REFUSED @ http://localhost:5173/@vite/client:1034
[ERROR] WebSocket connection to 'ws://localhost:5173/' failed: Error in connection establishment: net::ERR_CONNECTION_REFUSED @ http://localhost:5173/@vite/client:1034
[ERROR] WebSocket connection to 'ws://localhost:5173/' failed: Error in connection establishment: net::ERR_CONNECTION_REFUSED @ http://localhost:5173/@vite/client:1034
[WARNING] Mission list SSE error, reconnecting... @ http://localhost:5173/components/MissionList.tsx:52
[ERROR] Failed to load resource: net::ERR_CONNECTION_REFUSED @ http://localhost:5173/missions/events:0
[ERROR] WebSocket connection to 'ws://localhost:5173/' failed: Error in connection establishment: net::ERR_CONNECTION_REFUSED @ http://localhost:5173/@vite/client:1034
[ERROR] WebSocket connection to 'ws://localhost:5173/' failed: Error in connection establishment: net::ERR_CONNECTION_REFUSED @ http://localhost:5173/@vite/client:1034
[ERROR] WebSocket connection to 'ws://localhost:5173/' failed: Error in connection establishment: net::ERR_CONNECTION_REFUSED @ http://localhost:5173/@vite/client:1034
[WARNING] Mission list SSE error, reconnecting... @ http://localhost:5173/components/MissionList.tsx:52
[ERROR] Failed to load resource: net::ERR_CONNECTION_REFUSED @ http://localhost:5173/missions/events:0
[ERROR] WebSocket connection to 'ws://localhost:5173/' failed: Error in connection establishment: net::ERR_CONNECTION_REFUSED @ http://localhost:5173/@vite/client:1034
[ERROR] WebSocket connection to 'ws://localhost:5173/' failed: Error in connection establishment: net::ERR_CONNECTION_REFUSED @ http://localhost:5173/@vite/client:1034
[ERROR] WebSocket connection to 'ws://localhost:5173/' failed: Error in connection establishment: net::ERR_CONNECTION_REFUSED @ http://localhost:5173/@vite/client:1034
[WARNING] Mission list SSE error, reconnecting... @ http://localhost:5173/components/MissionList.tsx:52
[ERROR] Failed to load resource: net::ERR_CONNECTION_REFUSED @ http://localhost:5173/missions/events:0
[ERROR] WebSocket connection to 'ws://localhost:5173/' failed: Error in connection establishment: net::ERR_CONNECTION_REFUSED @ http://localhost:5173/@vite/client:1034
[ERROR] WebSocket connection to 'ws://localhost:5173/' failed: Error in connection establishment: net::ERR_CONNECTION_REFUSED @ http://localhost:5173/@vite/client:1034
[ERROR] WebSocket connection to 'ws://localhost:5173/' failed: Error in connection establishment: net::ERR_CONNECTION_REFUSED @ http://localhost:5173/@vite/client:1034
[WARNING] Mission list SSE error, reconnecting... @ http://localhost:5173/components/MissionList.tsx:52
[ERROR] Failed to load resource: net::ERR_CONNECTION_REFUSED @ http://localhost:5173/missions/events:0
[ERROR] WebSocket connection to 'ws://localhost:5173/' failed: Error in connection establishment: net::ERR_CONNECTION_REFUSED @ http://localhost:5173/@vite/client:1034